#
# There is insufficient memory for the Java Runtime Environment to continue.
# Native memory allocation (mmap) failed to map 268435456 bytes for Failed to commit area from 0x0000000701800000 to 0x0000000711800000 of length 268435456.
# Possible reasons:
#   The system is out of physical RAM or swap space
#   The process is running with CompressedOops enabled, and the Java Heap may be blocking the growth of the native heap
# Possible solutions:
#   Reduce memory load on the system
#   Increase physical memory or swap space
#   Check if swap backing store is full
#   Decrease Java heap size (-Xmx/-Xms)
#   Decrease number of Java threads
#   Decrease Java thread stack sizes (-Xss)
#   Set larger code cache with -XX:ReservedCodeCacheSize=
# This output file may be truncated or incomplete.
#
#  Out of Memory Error (./src/hotspot/os/windows/os_windows.cpp:3380), pid=17260, tid=12348
#
# JRE version:  (11.0.12+7) (build )
# Java VM: OpenJDK 64-Bit Server VM (11.0.12+7, mixed mode, sharing, tiered, compressed oops, g1 gc, windows-amd64)
# No core dump will be written. Minidumps are not enabled by default on client versions of Windows
#

---------------  S U M M A R Y ------------

Command Line: 

Host: Intel(R) Core(TM) i5-6400 CPU @ 2.70GHz, 4 cores, 15G,  Windows 10 , 64 bit Build 19041 (10.0.19041.1706)
Time: Tue May 24 14:53:27 2022 Hora de verano central (México) elapsed time: 0.016240 seconds (0d 0h 0m 0s)

---------------  T H R E A D  ---------------

Current thread (0x000002db2fa4b800):  JavaThread "Unknown thread" [_thread_in_vm, id=12348, stack(0x000000f301400000,0x000000f301500000)]

Stack: [0x000000f301400000,0x000000f301500000]
Native frames: (J=compiled Java code, j=interpreted, Vv=VM code, C=native code)
V  [jvm.dll+0x6090fa]
V  [jvm.dll+0x79229e]
V  [jvm.dll+0x79396f]
V  [jvm.dll+0x794033]
V  [jvm.dll+0x24bed8]
V  [jvm.dll+0x60624a]
V  [jvm.dll+0x5facf5]
V  [jvm.dll+0x303b5c]
V  [jvm.dll+0x3039e2]
V  [jvm.dll+0x308706]
V  [jvm.dll+0x34d5cf]
V  [jvm.dll+0x34d000]
V  [jvm.dll+0x2e0c68]
V  [jvm.dll+0x2e1dc6]
V  [jvm.dll+0x76d627]
V  [jvm.dll+0x76edaf]
V  [jvm.dll+0x35a359]
V  [jvm.dll+0x750710]
V  [jvm.dll+0x3c1f8f]
V  [jvm.dll+0x3c4461]
C  [jli.dll+0x5207]
C  [ucrtbase.dll+0x21bb2]
C  [KERNEL32.DLL+0x17034]
C  [ntdll.dll+0x52651]


---------------  P R O C E S S  ---------------

Threads class SMR info:
_java_thread_list=0x000002db2e093e90, length=0, elements={
}

Java Threads: ( => current thread )

Other Threads:
  0x000002db2fa65000 GCTaskThread "GC Thread#0" [stack: 0x000000f301500000,0x000000f301600000] [id=21524]
  0x000002db2fac1800 ConcurrentGCThread "G1 Main Marker" [stack: 0x000000f301600000,0x000000f301700000] [id=17032]
  0x000002db2fac3800 ConcurrentGCThread "G1 Conc#0" [stack: 0x000000f301700000,0x000000f301800000] [id=9656]

[error occurred during error reporting (printing all threads), id 0xc0000005, EXCEPTION_ACCESS_VIOLATION (0xc0000005) at pc=0x00007ffc67a10337]

VM state:not at safepoint (not fully initialized)

VM Mutex/Monitor currently owned by a thread:  ([mutex/lock_event])
[0x000002db2fa48d70] Heap_lock - owner thread: 0x000002db2fa4b800

Heap address: 0x0000000701800000, size: 4072 MB, Compressed Oops mode: Non-zero based: 0x0000000701800000
Narrow klass base: 0x0000000000000000, Narrow klass shift: 0

GC Heap History (0 events):
No events

Deoptimization events (0 events):
No events

Classes redefined (0 events):
No events

Internal exceptions (0 events):
No events

Events (1 events):
Event: 0.010 Loaded shared library C:\Program Files\Microsoft\jdk-11.0.12.7-hotspot\bin\zip.dll


Dynamic libraries:
0x00007ff689f10000 - 0x00007ff689f1d000 	C:\Program Files\Microsoft\jdk-11.0.12.7-hotspot\bin\java.exe
0x00007ffcc9150000 - 0x00007ffcc9345000 	C:\WINDOWS\SYSTEM32\ntdll.dll
0x00007ffcc8a90000 - 0x00007ffcc8b4d000 	C:\WINDOWS\System32\KERNEL32.DLL
0x00007ffcc6c40000 - 0x00007ffcc6f0d000 	C:\WINDOWS\System32\KERNELBASE.dll
0x00007ffcc68d0000 - 0x00007ffcc69d0000 	C:\WINDOWS\System32\ucrtbase.dll
0x00007ffc95a50000 - 0x00007ffc95a67000 	C:\Program Files\Microsoft\jdk-11.0.12.7-hotspot\bin\jli.dll
0x00007ffc8bc50000 - 0x00007ffc8bc65000 	C:\Program Files\Microsoft\jdk-11.0.12.7-hotspot\bin\VCRUNTIME140.dll
0x00007ffcc76d0000 - 0x00007ffcc7870000 	C:\WINDOWS\System32\USER32.dll
0x00007ffcac2d0000 - 0x00007ffcac56a000 	C:\WINDOWS\WinSxS\amd64_microsoft.windows.common-controls_6595b64144ccf1df_6.0.19041.1110_none_60b5254171f9507e\COMCTL32.dll
0x00007ffcc6c10000 - 0x00007ffcc6c32000 	C:\WINDOWS\System32\win32u.dll
0x00007ffcc8b70000 - 0x00007ffcc8c0e000 	C:\WINDOWS\System32\msvcrt.dll
0x00007ffcc79b0000 - 0x00007ffcc79da000 	C:\WINDOWS\System32\GDI32.dll
0x00007ffcc69d0000 - 0x00007ffcc6adb000 	C:\WINDOWS\System32\gdi32full.dll
0x00007ffcc6b70000 - 0x00007ffcc6c0d000 	C:\WINDOWS\System32\msvcp_win.dll
0x00007ffcc7470000 - 0x00007ffcc74a0000 	C:\WINDOWS\System32\IMM32.DLL
0x00007ffc85e80000 - 0x00007ffc85f1b000 	C:\Program Files\Microsoft\jdk-11.0.12.7-hotspot\bin\msvcp140.dll
0x00007ffc67720000 - 0x00007ffc68281000 	C:\Program Files\Microsoft\jdk-11.0.12.7-hotspot\bin\server\jvm.dll
0x00007ffcc8080000 - 0x00007ffcc812e000 	C:\WINDOWS\System32\ADVAPI32.dll
0x00007ffcc8130000 - 0x00007ffcc81cc000 	C:\WINDOWS\System32\sechost.dll
0x00007ffcc8fe0000 - 0x00007ffcc9105000 	C:\WINDOWS\System32\RPCRT4.dll
0x00007ffcc8c10000 - 0x00007ffcc8c18000 	C:\WINDOWS\System32\PSAPI.DLL
0x00007ffcacb70000 - 0x00007ffcacb79000 	C:\WINDOWS\SYSTEM32\WSOCK32.dll
0x00007ffcc09a0000 - 0x00007ffcc09c7000 	C:\WINDOWS\SYSTEM32\WINMM.dll
0x00007ffcc15c0000 - 0x00007ffcc15ca000 	C:\WINDOWS\SYSTEM32\VERSION.dll
0x00007ffcc7940000 - 0x00007ffcc79ab000 	C:\WINDOWS\System32\WS2_32.dll
0x00007ffcc4780000 - 0x00007ffcc4792000 	C:\WINDOWS\SYSTEM32\kernel.appcore.dll
0x00007ffc9abe0000 - 0x00007ffc9abf0000 	C:\Program Files\Microsoft\jdk-11.0.12.7-hotspot\bin\verify.dll
0x00007ffcb3b00000 - 0x00007ffcb3ce4000 	C:\WINDOWS\SYSTEM32\DBGHELP.DLL
0x00007ffcb3dc0000 - 0x00007ffcb3dec000 	C:\WINDOWS\SYSTEM32\dbgcore.DLL
0x00007ffcc6ae0000 - 0x00007ffcc6b62000 	C:\WINDOWS\System32\bcryptPrimitives.dll
0x00007ffc87120000 - 0x00007ffc87148000 	C:\Program Files\Microsoft\jdk-11.0.12.7-hotspot\bin\java.dll
0x00007ffc9a270000 - 0x00007ffc9a27a000 	C:\Program Files\Microsoft\jdk-11.0.12.7-hotspot\bin\jimage.dll
0x00007ffc87100000 - 0x00007ffc87117000 	C:\Program Files\Microsoft\jdk-11.0.12.7-hotspot\bin\zip.dll

dbghelp: loaded successfully - version: 4.0.5 - missing functions: none
symbol engine: initialized successfully - sym options: 0x614 - pdb path: .;C:\Program Files\Microsoft\jdk-11.0.12.7-hotspot\bin;C:\WINDOWS\SYSTEM32;C:\WINDOWS\WinSxS\amd64_microsoft.windows.common-controls_6595b64144ccf1df_6.0.19041.1110_none_60b5254171f9507e;C:\Program Files\Microsoft\jdk-11.0.12.7-hotspot\bin\server

VM Arguments:
java_command: <unknown>
java_class_path (initial): <not set>
Launcher Type: SUN_STANDARD

[Global flags]
     intx CICompilerCount                          = 3                                         {product} {ergonomic}
     uint ConcGCThreads                            = 1                                         {product} {ergonomic}
     uint G1ConcRefinementThreads                  = 4                                         {product} {ergonomic}
   size_t G1HeapRegionSize                         = 1048576                                   {product} {ergonomic}
    uintx GCDrainStackTargetSize                   = 64                                        {product} {ergonomic}
   size_t InitialHeapSize                          = 268435456                                 {product} {ergonomic}
   size_t MarkStackSize                            = 4194304                                   {product} {ergonomic}
   size_t MaxHeapSize                              = 4269801472                                {product} {ergonomic}
   size_t MinHeapDeltaBytes                        = 1048576                                   {product} {ergonomic}
    uintx NonNMethodCodeHeapSize                   = 5830732                                {pd product} {ergonomic}
    uintx NonProfiledCodeHeapSize                  = 122913754                              {pd product} {ergonomic}
    uintx ProfiledCodeHeapSize                     = 122913754                              {pd product} {ergonomic}
    uintx ReservedCodeCacheSize                    = 251658240                              {pd product} {ergonomic}
     bool SegmentedCodeCache                       = true                                      {product} {ergonomic}
     bool UseCompressedClassPointers               = true                                 {lp64_product} {ergonomic}
     bool UseCompressedOops                        = true                                 {lp64_product} {ergonomic}
     bool UseG1GC                                  = true                                      {product} {ergonomic}
     bool UseLargePagesIndividualAllocation        = false                                  {pd product} {ergonomic}

Logging:
Log output configuration:
 #0: stdout all=warning uptime,level,tags
 #1: stderr all=off uptime,level,tags

Environment Variables:
JAVA_HOME=C:\Program Files\Microsoft\jdk-11.0.12.7-hotspot
PATH=C:\Program Files\Microsoft\jdk-11.0.12.7-hotspot\bin;C:\Program Files (x86)\Common Files\Oracle\Java\javapath;C:\WINDOWS\system32;C:\WINDOWS;C:\WINDOWS\System32\Wbem;C:\WINDOWS\System32\WindowsPowerShell\v1.0\;C:\WINDOWS\System32\OpenSSH\;C:\Program Files\Java\jdk1.8.0_221\bin;C:\Program Files (x86)\Brackets\command;C:\Program Files (x86)\Intel\Intel(R) Management Engine Components\DAL;C:\Program Files\Intel\Intel(R) Management Engine Components\DAL;C:\Program Files\Microsoft SQL Server\Client SDK\ODBC\170\Tools\Binn\;C:\Program Files (x86)\Microsoft SQL Server\150\Tools\Binn\;C:\Program Files\Microsoft SQL Server\150\Tools\Binn\;C:\Program Files\Microsoft SQL Server\150\DTS\Binn\;C:\Program Files\dotnet\;C:\Program Files\Microsoft SQL Server\130\Tools\Binn\;C:\WINDOWSSystem32 yC:\Windows\System32;"c:\windows;c:\windows\system32;c:\windows\system32\wbem";C:\Program Files\nodejs\;C:\Program Files\Git\cmd;C:\Program Files\MongoDB\Server\4.2\bin;C:\Program Files (x86)\dotnet\;C:\Users\mange\Documents\sitioweb\bin\;C:\Users\mange\AppData\Local\Microsoft\WindowsApps;C:\Users\mange\AppData\Local\atom\bin;C:\Users\mange\.dotnet\tools;C:\xampp1\php;C:\Users\mange\AppData\Local\ComposerSetup\bin;C:\Users\mange\AppData\Roaming\Composer\vendor\bin;C:\Users\mange\AppData\Local\Programs\Microsoft VS Code\bin;C:\Program Files\JetBrains\PyCharm Community Edition 2021.2.1\bin;;C:\Users\mange\AppData\Roaming\npm;C:\Users\mange\AppData\Local\GitHubDesktop\bin;C:\Program Files\MongoDB\Server\4.2\bin;
USERNAME=Castellanos
OS=Windows_NT
PROCESSOR_IDENTIFIER=Intel64 Family 6 Model 94 Stepping 3, GenuineIntel



---------------  S Y S T E M  ---------------

OS: Windows 10 , 64 bit Build 19041 (10.0.19041.1706)
OS uptime: 6 days 16:40 hours

CPU:total 4 (initial active 4) (4 cores per cpu, 1 threads per core) family 6 model 94 stepping 3 microcode 0xdc, cmov, cx8, fxsr, mmx, sse, sse2, sse3, ssse3, sse4.1, sse4.2, popcnt, avx, avx2, aes, clmul, erms, 3dnowpref, lzcnt, tsc, tscinvbit, bmi1, bmi2, adx, fma

Memory: 4k page, system-wide physical 16287M (2661M free)
TotalPageFile size 19218M (AvailPageFile size 32M)
current process WorkingSet (physical memory assigned to process): 10M, peak: 10M
current process commit charge ("private bytes"): 52M, peak: 308M

vm_info: OpenJDK 64-Bit Server VM (11.0.12+7) for windows-amd64 JRE (11.0.12+7), built on Jul 21 2021 15:41:43 by "" with unknown MS VC++:1916

END.
